[debug] [2020-09-12T01:58:09.132Z] ----------------------------------------------------------------------
[debug] [2020-09-12T01:58:09.134Z] Command:       C:\Program Files\nodejs\node.exe C:\Users\ann\AppData\Roaming\npm\node_modules\firebase-tools\lib\bin\firebase.js emulators:start
[debug] [2020-09-12T01:58:09.134Z] CLI Version:   8.10.0
[debug] [2020-09-12T01:58:09.135Z] Platform:      win32
[debug] [2020-09-12T01:58:09.135Z] Node Version:  v12.18.3
[debug] [2020-09-12T01:58:09.136Z] Time:          Fri Sep 11 2020 21:58:09 GMT-0400 (GMT-04:00)
[debug] [2020-09-12T01:58:09.137Z] ----------------------------------------------------------------------
[debug] [2020-09-12T01:58:09.137Z] 
[debug] [2020-09-12T01:58:09.146Z] > command requires scopes: ["email","openid","https://www.googleapis.com/auth/cloudplatformprojects.readonly","https://www.googleapis.com/auth/firebase","https://www.googleapis.com/auth/cloud-platform"]
[debug] [2020-09-12T01:58:09.147Z] > authorizing via signed-in user
[info] i  emulators: Starting emulators: functions, hosting {"metadata":{"emulator":{"name":"hub"},"message":"Starting emulators: functions, hosting"}}
[debug] [2020-09-12T01:58:11.194Z] [hub] writing locator at C:\Users\ann\AppData\Local\Temp\hub-challenge-8eab4.json
[warn] !  functions: The following emulators are not running, calls to these services from the Functions emulator will affect production: firestore, database, pubsub {"metadata":{"emulator":{"name":"functions"},"message":"The following emulators are not running, calls to these services from the Functions emulator will affect production: \u001b[1mfirestore, database, pubsub\u001b[22m"}}
[warn] !  Your requested "node" version "10" doesn't match your global version "12" {"metadata":{"emulator":{"name":"functions"},"message":"Your requested \"node\" version \"10\" doesn't match your global version \"12\""}}
[debug] [2020-09-12T01:58:13.236Z] defaultcredentials: writing to file C:\Users\ann\AppData\Roaming\firebase\chiaan0426_gmail_com_application_default_credentials.json
[debug] [2020-09-12T01:58:13.240Z] Setting GAC to C:\Users\ann\AppData\Roaming\firebase\chiaan0426_gmail_com_application_default_credentials.json {"metadata":{"emulator":{"name":"functions"},"message":"Setting GAC to C:\\Users\\ann\\AppData\\Roaming\\firebase\\chiaan0426_gmail_com_application_default_credentials.json"}}
[debug] [2020-09-12T01:58:15.256Z] >>> HTTP REQUEST GET https://firebase.googleapis.com/v1beta1/projects/challenge-8eab4/webApps/-/config  
 
[debug] [2020-09-12T01:58:15.846Z] <<< HTTP RESPONSE 200 {"content-type":"application/json; charset=UTF-8","vary":"X-Origin, Referer, Origin,Accept-Encoding","date":"Sat, 12 Sep 2020 01:58:16 GMT","server":"ESF","cache-control":"private","x-xss-protection":"0","x-frame-options":"SAMEORIGIN","x-content-type-options":"nosniff","alt-svc":"h3-29=\":443\"; ma=2592000,h3-27=\":443\"; ma=2592000,h3-T051=\":443\"; ma=2592000,h3-T050=\":443\"; ma=2592000,h3-Q050=\":443\"; ma=2592000,h3-Q046=\":443\"; ma=2592000,h3-Q043=\":443\"; ma=2592000,quic=\":443\"; ma=2592000; v=\"46,43\"","accept-ranges":"none","transfer-encoding":"chunked"}
[info] i  hosting: Serving hosting files from: build {"metadata":{"emulator":{"name":"hosting"},"message":"Serving hosting files from: \u001b[1mbuild\u001b[22m"}}
[info] +  hosting: Local server: http://localhost:5000 {"metadata":{"emulator":{"name":"hosting"},"message":"Local server: \u001b[4m\u001b[1mhttp://localhost:5000\u001b[22m\u001b[24m"}}
[info] i  ui: downloading ui-v1.1.1.zip... {"metadata":{"emulator":{"name":"ui"},"message":"downloading ui-v1.1.1.zip..."}}
[debug] [2020-09-12T01:58:20.734Z] Ignoring unsupported arg: auto_download {"metadata":{"emulator":{"name":"ui"},"message":"Ignoring unsupported arg: auto_download"}}
[debug] [2020-09-12T01:58:20.734Z] Ignoring unsupported arg: port {"metadata":{"emulator":{"name":"ui"},"message":"Ignoring unsupported arg: port"}}
[debug] [2020-09-12T01:58:20.734Z] Starting Emulator UI with command {"binary":"node","args":["C:\\Users\\ann\\.cache\\firebase\\emulators\\ui-v1.1.1\\server.bundle.js"],"optionalArgs":[],"joinArgs":false} {"metadata":{"emulator":{"name":"ui"},"message":"Starting Emulator UI with command {\"binary\":\"node\",\"args\":[\"C:\\\\Users\\\\ann\\\\.cache\\\\firebase\\\\emulators\\\\ui-v1.1.1\\\\server.bundle.js\"],\"optionalArgs\":[],\"joinArgs\":false}"}}
[info] i  ui: Emulator UI logging to ui-debug.log {"metadata":{"emulator":{"name":"ui"},"message":"Emulator UI logging to \u001b[1mui-debug.log\u001b[22m"}}
[debug] [2020-09-12T01:58:20.890Z] Web / API server started at http://localhost:4000
 {"metadata":{"emulator":{"name":"ui"},"message":"Web / API server started at http://localhost:4000\n"}}
[info] i  functions: Watching "C:\Users\ann\Desktop\Amazon Snop\amazon\functions" for Cloud Functions... {"metadata":{"emulator":{"name":"functions"},"message":"Watching \"C:\\Users\\ann\\Desktop\\Amazon Snop\\amazon\\functions\" for Cloud Functions..."}}
[debug] [2020-09-12T01:58:21.262Z] [worker-pool] addWorker(~diagnostic~) {"metadata":{"emulator":{"name":"functions"},"message":"[worker-pool] addWorker(~diagnostic~)"}}
[debug] [2020-09-12T01:58:21.262Z] [worker-pool] Adding worker with key ~diagnostic~, total=1 {"metadata":{"emulator":{"name":"functions"},"message":"[worker-pool] Adding worker with key ~diagnostic~, total=1"}}
[debug] [2020-09-12T01:58:21.262Z] [worker-pool] submitWork(triggerId=) {"metadata":{"emulator":{"name":"functions"},"message":"[worker-pool] submitWork(triggerId=)"}}
[debug] [2020-09-12T01:58:21.263Z] [worker-~diagnostic~-91698ffb-bcab-46d3-8377-b5f4086511d6]: Assigning socketPath: \\?\pipe\C:\Users\ann\Desktop\Amazon Snop\amazon\functions\2228 {"metadata":{"emulator":{"name":"functions"},"message":"[worker-~diagnostic~-91698ffb-bcab-46d3-8377-b5f4086511d6]: Assigning socketPath: \\\\?\\pipe\\C:\\Users\\ann\\Desktop\\Amazon Snop\\amazon\\functions\\2228"}}
[debug] [2020-09-12T01:58:21.263Z] [worker-~diagnostic~-91698ffb-bcab-46d3-8377-b5f4086511d6]: BUSY {"metadata":{"emulator":{"name":"functions"},"message":"[worker-~diagnostic~-91698ffb-bcab-46d3-8377-b5f4086511d6]: BUSY"}}
[debug] [2020-09-12T01:58:21.789Z] [runtime-status] [2228] Functions runtime initialized. {"cwd":"C:\\Users\\ann\\Desktop\\Amazon Snop\\amazon\\functions","node_version":"12.18.3"} {"metadata":{"emulator":{"name":"functions"},"message":"[runtime-status] [2228] Functions runtime initialized. {\"cwd\":\"C:\\\\Users\\\\ann\\\\Desktop\\\\Amazon Snop\\\\amazon\\\\functions\",\"node_version\":\"12.18.3\"}"}}
[debug] [2020-09-12T01:58:21.793Z] [runtime-status] [2228] Disabled runtime features: undefined {"metadata":{"emulator":{"name":"functions"},"message":"[runtime-status] [2228] Disabled runtime features: undefined"}}
[debug] [2020-09-12T01:58:21.797Z] [runtime-status] [2228] Resolved module firebase-admin {"declared":true,"installed":true,"version":"8.13.0","resolution":"C:\\Users\\ann\\Desktop\\Amazon Snop\\amazon\\functions\\node_modules\\firebase-admin\\lib\\index.js"} {"metadata":{"emulator":{"name":"functions"},"message":"[runtime-status] [2228] Resolved module firebase-admin {\"declared\":true,\"installed\":true,\"version\":\"8.13.0\",\"resolution\":\"C:\\\\Users\\\\ann\\\\Desktop\\\\Amazon Snop\\\\amazon\\\\functions\\\\node_modules\\\\firebase-admin\\\\lib\\\\index.js\"}"}}
[debug] [2020-09-12T01:58:21.802Z] [runtime-status] [2228] Resolved module firebase-functions {"declared":true,"installed":true,"version":"3.11.0","resolution":"C:\\Users\\ann\\Desktop\\Amazon Snop\\amazon\\functions\\node_modules\\firebase-functions\\lib\\index.js"} {"metadata":{"emulator":{"name":"functions"},"message":"[runtime-status] [2228] Resolved module firebase-functions {\"declared\":true,\"installed\":true,\"version\":\"3.11.0\",\"resolution\":\"C:\\\\Users\\\\ann\\\\Desktop\\\\Amazon Snop\\\\amazon\\\\functions\\\\node_modules\\\\firebase-functions\\\\lib\\\\index.js\"}"}}
[debug] [2020-09-12T01:58:21.803Z] [runtime-status] [2228] Resolved module firebase-functions {"declared":true,"installed":true,"version":"3.11.0","resolution":"C:\\Users\\ann\\Desktop\\Amazon Snop\\amazon\\functions\\node_modules\\firebase-functions\\lib\\index.js"} {"metadata":{"emulator":{"name":"functions"},"message":"[runtime-status] [2228] Resolved module firebase-functions {\"declared\":true,\"installed\":true,\"version\":\"3.11.0\",\"resolution\":\"C:\\\\Users\\\\ann\\\\Desktop\\\\Amazon Snop\\\\amazon\\\\functions\\\\node_modules\\\\firebase-functions\\\\lib\\\\index.js\"}"}}
[debug] [2020-09-12T01:58:21.805Z] [runtime-status] [2228] Outgoing network have been stubbed. [{"name":"http","status":"mocked"},{"name":"http","status":"mocked"},{"name":"https","status":"mocked"},{"name":"https","status":"mocked"},{"name":"net","status":"mocked"}] {"metadata":{"emulator":{"name":"functions"},"message":"[runtime-status] [2228] Outgoing network have been stubbed. [{\"name\":\"http\",\"status\":\"mocked\"},{\"name\":\"http\",\"status\":\"mocked\"},{\"name\":\"https\",\"status\":\"mocked\"},{\"name\":\"https\",\"status\":\"mocked\"},{\"name\":\"net\",\"status\":\"mocked\"}]"}}
[debug] [2020-09-12T01:58:21.806Z] [runtime-status] [2228] Resolved module firebase-functions {"declared":true,"installed":true,"version":"3.11.0","resolution":"C:\\Users\\ann\\Desktop\\Amazon Snop\\amazon\\functions\\node_modules\\firebase-functions\\lib\\index.js"} {"metadata":{"emulator":{"name":"functions"},"message":"[runtime-status] [2228] Resolved module firebase-functions {\"declared\":true,\"installed\":true,\"version\":\"3.11.0\",\"resolution\":\"C:\\\\Users\\\\ann\\\\Desktop\\\\Amazon Snop\\\\amazon\\\\functions\\\\node_modules\\\\firebase-functions\\\\lib\\\\index.js\"}"}}
[debug] [2020-09-12T01:58:21.868Z] [runtime-status] [2228] Checked functions.config() {"config":{}} {"metadata":{"emulator":{"name":"functions"},"message":"[runtime-status] [2228] Checked functions.config() {\"config\":{}}"}}
[debug] [2020-09-12T01:58:21.868Z] [runtime-status] [2228] firebase-functions has been stubbed. {"functionsResolution":{"declared":true,"installed":true,"version":"3.11.0","resolution":"C:\\Users\\ann\\Desktop\\Amazon Snop\\amazon\\functions\\node_modules\\firebase-functions\\lib\\index.js"}} {"metadata":{"emulator":{"name":"functions"},"message":"[runtime-status] [2228] firebase-functions has been stubbed. {\"functionsResolution\":{\"declared\":true,\"installed\":true,\"version\":\"3.11.0\",\"resolution\":\"C:\\\\Users\\\\ann\\\\Desktop\\\\Amazon Snop\\\\amazon\\\\functions\\\\node_modules\\\\firebase-functions\\\\lib\\\\index.js\"}}"}}
[debug] [2020-09-12T01:58:21.869Z] [runtime-status] [2228] Resolved module firebase-functions {"declared":true,"installed":true,"version":"3.11.0","resolution":"C:\\Users\\ann\\Desktop\\Amazon Snop\\amazon\\functions\\node_modules\\firebase-functions\\lib\\index.js"} {"metadata":{"emulator":{"name":"functions"},"message":"[runtime-status] [2228] Resolved module firebase-functions {\"declared\":true,\"installed\":true,\"version\":\"3.11.0\",\"resolution\":\"C:\\\\Users\\\\ann\\\\Desktop\\\\Amazon Snop\\\\amazon\\\\functions\\\\node_modules\\\\firebase-functions\\\\lib\\\\index.js\"}"}}
[debug] [2020-09-12T01:58:21.870Z] [runtime-status] [2228] Resolved module firebase-admin {"declared":true,"installed":true,"version":"8.13.0","resolution":"C:\\Users\\ann\\Desktop\\Amazon Snop\\amazon\\functions\\node_modules\\firebase-admin\\lib\\index.js"} {"metadata":{"emulator":{"name":"functions"},"message":"[runtime-status] [2228] Resolved module firebase-admin {\"declared\":true,\"installed\":true,\"version\":\"8.13.0\",\"resolution\":\"C:\\\\Users\\\\ann\\\\Desktop\\\\Amazon Snop\\\\amazon\\\\functions\\\\node_modules\\\\firebase-admin\\\\lib\\\\index.js\"}"}}
[debug] [2020-09-12T01:58:21.871Z] [runtime-status] [2228] Resolved module firebase-functions {"declared":true,"installed":true,"version":"3.11.0","resolution":"C:\\Users\\ann\\Desktop\\Amazon Snop\\amazon\\functions\\node_modules\\firebase-functions\\lib\\index.js"} {"metadata":{"emulator":{"name":"functions"},"message":"[runtime-status] [2228] Resolved module firebase-functions {\"declared\":true,\"installed\":true,\"version\":\"3.11.0\",\"resolution\":\"C:\\\\Users\\\\ann\\\\Desktop\\\\Amazon Snop\\\\amazon\\\\functions\\\\node_modules\\\\firebase-functions\\\\lib\\\\index.js\"}"}}
[debug] [2020-09-12T01:58:21.871Z] [runtime-status] [2228] firebase-admin has been stubbed. {"adminResolution":{"declared":true,"installed":true,"version":"8.13.0","resolution":"C:\\Users\\ann\\Desktop\\Amazon Snop\\amazon\\functions\\node_modules\\firebase-admin\\lib\\index.js"}} {"metadata":{"emulator":{"name":"functions"},"message":"[runtime-status] [2228] firebase-admin has been stubbed. {\"adminResolution\":{\"declared\":true,\"installed\":true,\"version\":\"8.13.0\",\"resolution\":\"C:\\\\Users\\\\ann\\\\Desktop\\\\Amazon Snop\\\\amazon\\\\functions\\\\node_modules\\\\firebase-admin\\\\lib\\\\index.js\"}}"}}
[info] +  functions[api]: http function initialized (http://localhost:5001/challenge-8eab4/us-central1/api). {"metadata":{"emulator":{"name":"functions"},"message":"\u001b[1mhttp\u001b[22m function initialized (http://localhost:5001/challenge-8eab4/us-central1/api)."}}
[info] 
┌───────────────────────────────────────────────────────────────────────┐
│ ✔  All emulators ready! View status and logs at http://localhost:4000 │
└───────────────────────────────────────────────────────────────────────┘

┌───────────┬────────────────┬─────────────────────────────────┐
│ Emulator  │ Host:Port      │ View in Emulator UI             │
├───────────┼────────────────┼─────────────────────────────────┤
│ Functions │ localhost:5001 │ http://localhost:4000/functions │
├───────────┼────────────────┼─────────────────────────────────┤
│ Hosting   │ localhost:5000 │ n/a                             │
└───────────┴────────────────┴─────────────────────────────────┘
  Other reserved ports: 4400, 4500

Issues? Report them at https://github.com/firebase/firebase-tools/issues and attach the *-debug.log files.
 
[debug] [2020-09-12T01:58:22.138Z] [worker-~diagnostic~-91698ffb-bcab-46d3-8377-b5f4086511d6]: IDLE {"metadata":{"emulator":{"name":"functions"},"message":"[worker-~diagnostic~-91698ffb-bcab-46d3-8377-b5f4086511d6]: IDLE"}}
[debug] [2020-09-12T02:00:33.383Z] File C:\Users\ann\Desktop\Amazon Snop\amazon\functions\index.js changed, reloading triggers {"metadata":{"emulator":{"name":"functions"},"message":"File C:\\Users\\ann\\Desktop\\Amazon Snop\\amazon\\functions\\index.js changed, reloading triggers"}}
[debug] [2020-09-12T02:00:34.385Z] [worker-pool] Shutting down IDLE worker (~diagnostic~) {"metadata":{"emulator":{"name":"functions"},"message":"[worker-pool] Shutting down IDLE worker (~diagnostic~)"}}
[debug] [2020-09-12T02:00:34.386Z] [worker-~diagnostic~-91698ffb-bcab-46d3-8377-b5f4086511d6]: FINISHING {"metadata":{"emulator":{"name":"functions"},"message":"[worker-~diagnostic~-91698ffb-bcab-46d3-8377-b5f4086511d6]: FINISHING"}}
[debug] [2020-09-12T02:00:34.397Z] [worker-pool] addWorker(~diagnostic~) {"metadata":{"emulator":{"name":"functions"},"message":"[worker-pool] addWorker(~diagnostic~)"}}
[debug] [2020-09-12T02:00:34.397Z] [worker-pool] Adding worker with key ~diagnostic~, total=2 {"metadata":{"emulator":{"name":"functions"},"message":"[worker-pool] Adding worker with key ~diagnostic~, total=2"}}
[debug] [2020-09-12T02:00:34.397Z] [worker-pool] submitWork(triggerId=) {"metadata":{"emulator":{"name":"functions"},"message":"[worker-pool] submitWork(triggerId=)"}}
[debug] [2020-09-12T02:00:34.397Z] [worker-~diagnostic~-e667fa4c-d831-4466-8e00-f6997c1d0524]: Assigning socketPath: \\?\pipe\C:\Users\ann\Desktop\Amazon Snop\amazon\functions\1120 {"metadata":{"emulator":{"name":"functions"},"message":"[worker-~diagnostic~-e667fa4c-d831-4466-8e00-f6997c1d0524]: Assigning socketPath: \\\\?\\pipe\\C:\\Users\\ann\\Desktop\\Amazon Snop\\amazon\\functions\\1120"}}
[debug] [2020-09-12T02:00:34.397Z] [worker-~diagnostic~-e667fa4c-d831-4466-8e00-f6997c1d0524]: BUSY {"metadata":{"emulator":{"name":"functions"},"message":"[worker-~diagnostic~-e667fa4c-d831-4466-8e00-f6997c1d0524]: BUSY"}}
[debug] [2020-09-12T02:00:34.399Z] [worker-~diagnostic~-91698ffb-bcab-46d3-8377-b5f4086511d6]: exited {"metadata":{"emulator":{"name":"functions"},"message":"[worker-~diagnostic~-91698ffb-bcab-46d3-8377-b5f4086511d6]: exited"}}
[debug] [2020-09-12T02:00:34.399Z] [worker-~diagnostic~-91698ffb-bcab-46d3-8377-b5f4086511d6]: FINISHED {"metadata":{"emulator":{"name":"functions"},"message":"[worker-~diagnostic~-91698ffb-bcab-46d3-8377-b5f4086511d6]: FINISHED"}}
[debug] [2020-09-12T02:00:35.102Z] [runtime-status] [1120] Functions runtime initialized. {"cwd":"C:\\Users\\ann\\Desktop\\Amazon Snop\\amazon\\functions","node_version":"12.18.3"} {"metadata":{"emulator":{"name":"functions"},"message":"[runtime-status] [1120] Functions runtime initialized. {\"cwd\":\"C:\\\\Users\\\\ann\\\\Desktop\\\\Amazon Snop\\\\amazon\\\\functions\",\"node_version\":\"12.18.3\"}"}}
[debug] [2020-09-12T02:00:35.109Z] [runtime-status] [1120] Disabled runtime features: undefined {"metadata":{"emulator":{"name":"functions"},"message":"[runtime-status] [1120] Disabled runtime features: undefined"}}
[debug] [2020-09-12T02:00:35.113Z] [runtime-status] [1120] Resolved module firebase-admin {"declared":true,"installed":true,"version":"8.13.0","resolution":"C:\\Users\\ann\\Desktop\\Amazon Snop\\amazon\\functions\\node_modules\\firebase-admin\\lib\\index.js"} {"metadata":{"emulator":{"name":"functions"},"message":"[runtime-status] [1120] Resolved module firebase-admin {\"declared\":true,\"installed\":true,\"version\":\"8.13.0\",\"resolution\":\"C:\\\\Users\\\\ann\\\\Desktop\\\\Amazon Snop\\\\amazon\\\\functions\\\\node_modules\\\\firebase-admin\\\\lib\\\\index.js\"}"}}
[debug] [2020-09-12T02:00:35.117Z] [runtime-status] [1120] Resolved module firebase-functions {"declared":true,"installed":true,"version":"3.11.0","resolution":"C:\\Users\\ann\\Desktop\\Amazon Snop\\amazon\\functions\\node_modules\\firebase-functions\\lib\\index.js"} {"metadata":{"emulator":{"name":"functions"},"message":"[runtime-status] [1120] Resolved module firebase-functions {\"declared\":true,\"installed\":true,\"version\":\"3.11.0\",\"resolution\":\"C:\\\\Users\\\\ann\\\\Desktop\\\\Amazon Snop\\\\amazon\\\\functions\\\\node_modules\\\\firebase-functions\\\\lib\\\\index.js\"}"}}
[debug] [2020-09-12T02:00:35.118Z] [runtime-status] [1120] Resolved module firebase-functions {"declared":true,"installed":true,"version":"3.11.0","resolution":"C:\\Users\\ann\\Desktop\\Amazon Snop\\amazon\\functions\\node_modules\\firebase-functions\\lib\\index.js"} {"metadata":{"emulator":{"name":"functions"},"message":"[runtime-status] [1120] Resolved module firebase-functions {\"declared\":true,\"installed\":true,\"version\":\"3.11.0\",\"resolution\":\"C:\\\\Users\\\\ann\\\\Desktop\\\\Amazon Snop\\\\amazon\\\\functions\\\\node_modules\\\\firebase-functions\\\\lib\\\\index.js\"}"}}
[debug] [2020-09-12T02:00:35.120Z] [runtime-status] [1120] Outgoing network have been stubbed. [{"name":"http","status":"mocked"},{"name":"http","status":"mocked"},{"name":"https","status":"mocked"},{"name":"https","status":"mocked"},{"name":"net","status":"mocked"}] {"metadata":{"emulator":{"name":"functions"},"message":"[runtime-status] [1120] Outgoing network have been stubbed. [{\"name\":\"http\",\"status\":\"mocked\"},{\"name\":\"http\",\"status\":\"mocked\"},{\"name\":\"https\",\"status\":\"mocked\"},{\"name\":\"https\",\"status\":\"mocked\"},{\"name\":\"net\",\"status\":\"mocked\"}]"}}
[debug] [2020-09-12T02:00:35.121Z] [runtime-status] [1120] Resolved module firebase-functions {"declared":true,"installed":true,"version":"3.11.0","resolution":"C:\\Users\\ann\\Desktop\\Amazon Snop\\amazon\\functions\\node_modules\\firebase-functions\\lib\\index.js"} {"metadata":{"emulator":{"name":"functions"},"message":"[runtime-status] [1120] Resolved module firebase-functions {\"declared\":true,\"installed\":true,\"version\":\"3.11.0\",\"resolution\":\"C:\\\\Users\\\\ann\\\\Desktop\\\\Amazon Snop\\\\amazon\\\\functions\\\\node_modules\\\\firebase-functions\\\\lib\\\\index.js\"}"}}
[debug] [2020-09-12T02:00:35.175Z] [runtime-status] [1120] Checked functions.config() {"config":{}} {"metadata":{"emulator":{"name":"functions"},"message":"[runtime-status] [1120] Checked functions.config() {\"config\":{}}"}}
[debug] [2020-09-12T02:00:35.175Z] [runtime-status] [1120] firebase-functions has been stubbed. {"functionsResolution":{"declared":true,"installed":true,"version":"3.11.0","resolution":"C:\\Users\\ann\\Desktop\\Amazon Snop\\amazon\\functions\\node_modules\\firebase-functions\\lib\\index.js"}} {"metadata":{"emulator":{"name":"functions"},"message":"[runtime-status] [1120] firebase-functions has been stubbed. {\"functionsResolution\":{\"declared\":true,\"installed\":true,\"version\":\"3.11.0\",\"resolution\":\"C:\\\\Users\\\\ann\\\\Desktop\\\\Amazon Snop\\\\amazon\\\\functions\\\\node_modules\\\\firebase-functions\\\\lib\\\\index.js\"}}"}}
[debug] [2020-09-12T02:00:35.176Z] [runtime-status] [1120] Resolved module firebase-functions {"declared":true,"installed":true,"version":"3.11.0","resolution":"C:\\Users\\ann\\Desktop\\Amazon Snop\\amazon\\functions\\node_modules\\firebase-functions\\lib\\index.js"} {"metadata":{"emulator":{"name":"functions"},"message":"[runtime-status] [1120] Resolved module firebase-functions {\"declared\":true,\"installed\":true,\"version\":\"3.11.0\",\"resolution\":\"C:\\\\Users\\\\ann\\\\Desktop\\\\Amazon Snop\\\\amazon\\\\functions\\\\node_modules\\\\firebase-functions\\\\lib\\\\index.js\"}"}}
[debug] [2020-09-12T02:00:35.177Z] [runtime-status] [1120] Resolved module firebase-admin {"declared":true,"installed":true,"version":"8.13.0","resolution":"C:\\Users\\ann\\Desktop\\Amazon Snop\\amazon\\functions\\node_modules\\firebase-admin\\lib\\index.js"} {"metadata":{"emulator":{"name":"functions"},"message":"[runtime-status] [1120] Resolved module firebase-admin {\"declared\":true,\"installed\":true,\"version\":\"8.13.0\",\"resolution\":\"C:\\\\Users\\\\ann\\\\Desktop\\\\Amazon Snop\\\\amazon\\\\functions\\\\node_modules\\\\firebase-admin\\\\lib\\\\index.js\"}"}}
[debug] [2020-09-12T02:00:35.178Z] [runtime-status] [1120] Resolved module firebase-functions {"declared":true,"installed":true,"version":"3.11.0","resolution":"C:\\Users\\ann\\Desktop\\Amazon Snop\\amazon\\functions\\node_modules\\firebase-functions\\lib\\index.js"} {"metadata":{"emulator":{"name":"functions"},"message":"[runtime-status] [1120] Resolved module firebase-functions {\"declared\":true,\"installed\":true,\"version\":\"3.11.0\",\"resolution\":\"C:\\\\Users\\\\ann\\\\Desktop\\\\Amazon Snop\\\\amazon\\\\functions\\\\node_modules\\\\firebase-functions\\\\lib\\\\index.js\"}"}}
[debug] [2020-09-12T02:00:35.178Z] [runtime-status] [1120] firebase-admin has been stubbed. {"adminResolution":{"declared":true,"installed":true,"version":"8.13.0","resolution":"C:\\Users\\ann\\Desktop\\Amazon Snop\\amazon\\functions\\node_modules\\firebase-admin\\lib\\index.js"}} {"metadata":{"emulator":{"name":"functions"},"message":"[runtime-status] [1120] firebase-admin has been stubbed. {\"adminResolution\":{\"declared\":true,\"installed\":true,\"version\":\"8.13.0\",\"resolution\":\"C:\\\\Users\\\\ann\\\\Desktop\\\\Amazon Snop\\\\amazon\\\\functions\\\\node_modules\\\\firebase-admin\\\\lib\\\\index.js\"}}"}}
[debug] [2020-09-12T02:00:35.362Z] [worker-~diagnostic~-e667fa4c-d831-4466-8e00-f6997c1d0524]: IDLE {"metadata":{"emulator":{"name":"functions"},"message":"[worker-~diagnostic~-e667fa4c-d831-4466-8e00-f6997c1d0524]: IDLE"}}
